<?xml version="1.0" encoding="UTF-8"?>
<!-- Generated by org.testng.reporters.JUnitReportReporter -->
<testsuite hostname="AGWN-RNT-DTOP-4" failures="0" tests="1" name="Testngpractice.ProgessBar" time="13.108" errors="0" timestamp="2022-07-20T19:43:13 IST" skipped="0">
  <testcase classname="Testngpractice.ProgessBar" name="ProgressBar" time="13.108"/>
  <system-out/>
</testsuite> <!-- Testngpractice.ProgessBar -->
