<?xml version="1.0" encoding="UTF-8"?>
<!-- Generated by org.testng.reporters.JUnitReportReporter -->
<testsuite hostname="AGWN-RNT-DTOP-4" failures="0" tests="1" name="Testngpractice.Menu" time="7.338" errors="0" timestamp="2022-07-20T17:03:51 IST" skipped="0">
  <testcase classname="Testngpractice.Menu" name="Menu" time="7.338"/>
  <system-out/>
</testsuite> <!-- Testngpractice.Menu -->
