<?xml version="1.0" encoding="UTF-8"?>
<!-- Generated by org.testng.reporters.JUnitReportReporter -->
<testsuite hostname="AGWN-RNT-DTOP-4" failures="0" tests="3" name="Testngpractice.practice" time="20.859" errors="0" timestamp="2022-07-20T19:01:59 IST" skipped="0">
  <testcase classname="Testngpractice.practice" name="Usercreation" time="8.664"/>
  <system-out/>
  <testcase classname="Testngpractice.practice" name="DragnDrop" time="6.655"/>
  <system-out/>
  <testcase classname="Testngpractice.practice" name="Selections" time="5.540"/>
  <system-out/>
</testsuite> <!-- Testngpractice.practice -->
